<?xml version="1.0" encoding="UTF-8"?>
<!-- Generated by org.testng.reporters.JUnitXMLReporter -->
<testsuite ignored="5" hostname="DESKTOP-PA5U02U" failures="1" tests="3" name="Application login" time="71.738" errors="0" timestamp="15 Jan 2022 05:17:43 GMT">
  <testcase classname="com.test.ContactsPageTest" name="validateUserOnContactsPage" time="0.247"/>
  <testcase classname="com.test.ContactsPageTest" name="validateUserIsAbleToCreateANewContact" time="6.201"/>
  <testcase classname="com.test.ContactsPageTest" name="validateUserIsAbleToCreateANewContact" time="5.922">
    <failure type="org.openqa.selenium.StaleElementReferenceException" message="stale element reference: element is not attached to the page document
  (Session info: chrome=97.0.4692.71)
For documentation on this error, please visit: https://selenium.dev/exceptions/#stale_element_reference
Build info: version: &amp;apos;4.0.0&amp;apos;, revision: &amp;apos;3a21814679&amp;apos;
System info: host: &amp;apos;DESKTOP-PA5U02U&amp;apos;, ip: &amp;apos;172.18.16.1&amp;apos;, os.name: &amp;apos;Windows 10&amp;apos;, os.arch: &amp;apos;amd64&amp;apos;, os.version: &amp;apos;10.0&amp;apos;, java.version: &amp;apos;12&amp;apos;
Driver info: org.openqa.selenium.chrome.ChromeDriver
Command: [01058f0ffcc07d1ba2de6aa8f655d14f, isElementDisplayed {id=f4692132-7532-4497-87d8-f089397ee4df}]
Capabilities {acceptInsecureCerts: false, browserName: chrome, browserVersion: 97.0.4692.71, chrome: {chromedriverVersion: 97.0.4692.71 (adefa7837d02a..., userDataDir: C:\Users\Chitu\AppData\Loca...}, goog:chromeOptions: {debuggerAddress: localhost:65528}, javascriptEnabled: true, networkConnectionEnabled: false, pageLoadStrategy: normal, platform: WINDOWS, platformName: WINDOWS, proxy: Proxy(), se:cdp: ws://localhost:65528/devtoo..., se:cdpVersion: 97.0.4692.71, setWindowRect: true, strictFileInteractability: false, timeouts: {implicit: 0, pageLoad: 300000, script: 30000}, unhandledPromptBehavior: dismiss and notify, webauthn:extension:credBlob: true, webauthn:extension:largeBlob: true, webauthn:virtualAuthenticators: true}
Element: [[ChromeDriver: chrome on WINDOWS (01058f0ffcc07d1ba2de6aa8f655d14f)] -&amp;gt; xpath: //*[text()=&amp;apos;Amrit Srivastava&amp;apos;]]
Session ID: 01058f0ffcc07d1ba2de6aa8f655d14f">
      <![CDATA[org.openqa.selenium.StaleElementReferenceException: stale element reference: element is not attached to the page document
  (Session info: chrome=97.0.4692.71)
For documentation on this error, please visit: https://selenium.dev/exceptions/#stale_element_reference
Build info: version: '4.0.0', revision: '3a21814679'
System info: host: 'DESKTOP-PA5U02U', ip: '172.18.16.1', os.name: 'Windows 10', os.arch: 'amd64', os.version: '10.0', java.version: '12'
Driver info: org.openqa.selenium.chrome.ChromeDriver
Command: [01058f0ffcc07d1ba2de6aa8f655d14f, isElementDisplayed {id=f4692132-7532-4497-87d8-f089397ee4df}]
Capabilities {acceptInsecureCerts: false, browserName: chrome, browserVersion: 97.0.4692.71, chrome: {chromedriverVersion: 97.0.4692.71 (adefa7837d02a..., userDataDir: C:\Users\Chitu\AppData\Loca...}, goog:chromeOptions: {debuggerAddress: localhost:65528}, javascriptEnabled: true, networkConnectionEnabled: false, pageLoadStrategy: normal, platform: WINDOWS, platformName: WINDOWS, proxy: Proxy(), se:cdp: ws://localhost:65528/devtoo..., se:cdpVersion: 97.0.4692.71, setWindowRect: true, strictFileInteractability: false, timeouts: {implicit: 0, pageLoad: 300000, script: 30000}, unhandledPromptBehavior: dismiss and notify, webauthn:extension:credBlob: true, webauthn:extension:largeBlob: true, webauthn:virtualAuthenticators: true}
Element: [[ChromeDriver: chrome on WINDOWS (01058f0ffcc07d1ba2de6aa8f655d14f)] -> xpath: //*[text()='Amrit Srivastava']]
Session ID: 01058f0ffcc07d1ba2de6aa8f655d14f
at org.openqa.selenium.remote.codec.w3c.W3CHttpResponseCodec.createException(W3CHttpResponseCodec.java:200)
at org.openqa.selenium.remote.codec.w3c.W3CHttpResponseCodec.decode(W3CHttpResponseCodec.java:133)
at org.openqa.selenium.remote.codec.w3c.W3CHttpResponseCodec.decode(W3CHttpResponseCodec.java:53)
at org.openqa.selenium.remote.HttpCommandExecutor.execute(HttpCommandExecutor.java:184)
at org.openqa.selenium.remote.service.DriverCommandExecutor.invokeExecute(DriverCommandExecutor.java:164)
at org.openqa.selenium.remote.service.DriverCommandExecutor.execute(DriverCommandExecutor.java:139)
at org.openqa.selenium.remote.RemoteWebDriver.execute(RemoteWebDriver.java:559)
at org.openqa.selenium.remote.RemoteWebElement.execute(RemoteWebElement.java:251)
at org.openqa.selenium.remote.RemoteWebElement.isDisplayed(RemoteWebElement.java:307)
at org.openqa.selenium.support.ui.ExpectedConditions.elementIfVisible(ExpectedConditions.java:307)
at org.openqa.selenium.support.ui.ExpectedConditions.access$000(ExpectedConditions.java:40)
at org.openqa.selenium.support.ui.ExpectedConditions$10.apply(ExpectedConditions.java:293)
at org.openqa.selenium.support.ui.ExpectedConditions$10.apply(ExpectedConditions.java:290)
at org.openqa.selenium.support.ui.FluentWait.until(FluentWait.java:208)
at com.pages.ContactsPage.createNewContact(ContactsPage.java:63)
at com.test.ContactsPageTest.validateUserIsAbleToCreateANewContact(ContactsPageTest.java:65)
... Removed 30 stack frames]]>
    </failure>
  </testcase> <!-- validateUserIsAbleToCreateANewContact -->
  <testcase classname="com.test.LoginPageTest" name="validateUserLogin" time="0.0">
    <ignored/>
  </testcase> <!-- validateUserLogin -->
  <testcase classname="com.test.LoginPageTest" name="validateUserInLoginPageOfCRMApplication" time="0.0">
    <ignored/>
  </testcase> <!-- validateUserInLoginPageOfCRMApplication -->
  <testcase classname="com.test.LoginPageTest" name="validateLoginPageTitle" time="0.0">
    <ignored/>
  </testcase> <!-- validateLoginPageTitle -->
  <testcase classname="com.test.HomePageTest" name="validateHomePage" time="0.0">
    <ignored/>
  </testcase> <!-- validateHomePage -->
  <testcase classname="com.test.HomePageTest" name="validateClickingOnContactsLink" time="0.0">
    <ignored/>
  </testcase> <!-- validateClickingOnContactsLink -->
</testsuite> <!-- Application login -->
