<?xml version="1.0" encoding="UTF-8"?>
<!-- Generated by org.testng.reporters.JUnitXMLReporter -->
<testsuite ignored="4" hostname="DESKTOP-PA5U02U" failures="2" tests="5" name="Application Page Functionalities" time="219.596" errors="0" timestamp="24 Jan 2022 08:46:08 GMT">
  <testcase classname="com.test.LoginPageTest" name="validateUserInLoginPageOfCRMApplication" time="0.47"/>
  <testcase classname="com.test.HomePageTest" name="validateHomePage" time="40.17">
    <failure type="org.openqa.selenium.NoSuchElementException" message="no such element: Unable to locate element: {&amp;quot;method&amp;quot;:&amp;quot;xpath&amp;quot;,&amp;quot;selector&amp;quot;:&amp;quot;//*[text()=&amp;apos;Subhankar Sahoo&amp;apos;]&amp;quot;}
  (Session info: chrome=97.0.4692.71)
For documentation on this error, please visit: https://selenium.dev/exceptions/#no_such_element
Build info: version: &amp;apos;4.0.0&amp;apos;, revision: &amp;apos;3a21814679&amp;apos;
System info: host: &amp;apos;DESKTOP-PA5U02U&amp;apos;, ip: &amp;apos;172.17.128.1&amp;apos;, os.name: &amp;apos;Windows 10&amp;apos;, os.arch: &amp;apos;amd64&amp;apos;, os.version: &amp;apos;10.0&amp;apos;, java.version: &amp;apos;12&amp;apos;
Driver info: org.openqa.selenium.chrome.ChromeDriver
Command: [6d7831dc03ed0bed7fc9c32a899a8760, findElement {using=xpath, value=//*[text()=&amp;apos;Subhankar Sahoo&amp;apos;]}]
Capabilities {acceptInsecureCerts: false, browserName: chrome, browserVersion: 97.0.4692.71, chrome: {chromedriverVersion: 97.0.4692.71 (adefa7837d02a..., userDataDir: C:\Users\Chitu\AppData\Loca...}, goog:chromeOptions: {debuggerAddress: localhost:64827}, javascriptEnabled: true, networkConnectionEnabled: false, pageLoadStrategy: normal, platform: WINDOWS, platformName: WINDOWS, proxy: Proxy(), se:cdp: ws://localhost:64827/devtoo..., se:cdpVersion: 97.0.4692.71, setWindowRect: true, strictFileInteractability: false, timeouts: {implicit: 0, pageLoad: 300000, script: 30000}, unhandledPromptBehavior: dismiss and notify, webauthn:extension:credBlob: true, webauthn:extension:largeBlob: true, webauthn:virtualAuthenticators: true}
Session ID: 6d7831dc03ed0bed7fc9c32a899a8760">
      <![CDATA[org.openqa.selenium.NoSuchElementException: no such element: Unable to locate element: {"method":"xpath","selector":"//*[text()='Subhankar Sahoo']"}
  (Session info: chrome=97.0.4692.71)
For documentation on this error, please visit: https://selenium.dev/exceptions/#no_such_element
Build info: version: '4.0.0', revision: '3a21814679'
System info: host: 'DESKTOP-PA5U02U', ip: '172.17.128.1', os.name: 'Windows 10', os.arch: 'amd64', os.version: '10.0', java.version: '12'
Driver info: org.openqa.selenium.chrome.ChromeDriver
Command: [6d7831dc03ed0bed7fc9c32a899a8760, findElement {using=xpath, value=//*[text()='Subhankar Sahoo']}]
Capabilities {acceptInsecureCerts: false, browserName: chrome, browserVersion: 97.0.4692.71, chrome: {chromedriverVersion: 97.0.4692.71 (adefa7837d02a..., userDataDir: C:\Users\Chitu\AppData\Loca...}, goog:chromeOptions: {debuggerAddress: localhost:64827}, javascriptEnabled: true, networkConnectionEnabled: false, pageLoadStrategy: normal, platform: WINDOWS, platformName: WINDOWS, proxy: Proxy(), se:cdp: ws://localhost:64827/devtoo..., se:cdpVersion: 97.0.4692.71, setWindowRect: true, strictFileInteractability: false, timeouts: {implicit: 0, pageLoad: 300000, script: 30000}, unhandledPromptBehavior: dismiss and notify, webauthn:extension:credBlob: true, webauthn:extension:largeBlob: true, webauthn:virtualAuthenticators: true}
Session ID: 6d7831dc03ed0bed7fc9c32a899a8760
at org.openqa.selenium.remote.codec.w3c.W3CHttpResponseCodec.createException(W3CHttpResponseCodec.java:200)
at org.openqa.selenium.remote.codec.w3c.W3CHttpResponseCodec.decode(W3CHttpResponseCodec.java:133)
at org.openqa.selenium.remote.codec.w3c.W3CHttpResponseCodec.decode(W3CHttpResponseCodec.java:53)
at org.openqa.selenium.remote.HttpCommandExecutor.execute(HttpCommandExecutor.java:184)
at org.openqa.selenium.remote.service.DriverCommandExecutor.invokeExecute(DriverCommandExecutor.java:164)
at org.openqa.selenium.remote.service.DriverCommandExecutor.execute(DriverCommandExecutor.java:139)
at org.openqa.selenium.remote.RemoteWebDriver.execute(RemoteWebDriver.java:559)
at org.openqa.selenium.remote.ElementLocation$ElementFinder$2.findElement(ElementLocation.java:162)
at org.openqa.selenium.remote.ElementLocation.findElement(ElementLocation.java:60)
at org.openqa.selenium.remote.RemoteWebDriver.findElement(RemoteWebDriver.java:383)
at org.openqa.selenium.remote.RemoteWebDriver.findElement(RemoteWebDriver.java:375)
at com.pages.HomePage.verifyUserInHomePage(HomePage.java:80)
at com.test.HomePageTest.validateHomePage(HomePageTest.java:47)
... Removed 30 stack frames]]>
    </failure>
  </testcase> <!-- validateHomePage -->
  <testcase classname="com.test.LoginPageTest" name="validateLoginPageTitle" time="0.047"/>
  <testcase classname="com.test.HomePageTest" name="validateClickingOnContactsLink" time="40.205">
    <failure type="java.lang.IllegalArgumentException" message="Must provide a location for a move action.">
      <![CDATA[java.lang.IllegalArgumentException: Must provide a location for a move action.
at org.openqa.selenium.interactions.MoveMouseAction.<init>(MoveMouseAction.java:37)
at org.openqa.selenium.interactions.Actions.moveToElement(Actions.java:362)
at com.pages.HomePage.clickOnContactsLink(HomePage.java:89)
at com.test.HomePageTest.validateClickingOnContactsLink(HomePageTest.java:60)
... Removed 25 stack frames]]>
    </failure>
  </testcase> <!-- validateClickingOnContactsLink -->
  <testcase classname="com.test.LoginPageTest" name="validateUserLogin" time="11.743"/>
  <testcase classname="com.test.ContactsPageTest" name="validateUserOnContactsPage" time="0.0">
    <ignored/>
  </testcase> <!-- validateUserOnContactsPage -->
  <testcase classname="com.base.BaseTest" name="@BeforeSuite allureDirectoryEmpty" time="0.0">
    <ignored/>
  </testcase> <!-- @BeforeSuite allureDirectoryEmpty -->
  <testcase classname="com.base.BaseTest" name="@BeforeSuite allureDirectoryEmpty" time="0.0">
    <ignored/>
  </testcase> <!-- @BeforeSuite allureDirectoryEmpty -->
  <testcase classname="com.test.ContactsPageTest" name="validateUserIsAbleToCreateANewContact" time="0.0">
    <ignored/>
  </testcase> <!-- validateUserIsAbleToCreateANewContact -->
</testsuite> <!-- Application Page Functionalities -->
